Using pre-set license
Built from '2021.3/release' branch; Version is '2021.3.12f1 (8af3c3e441b1) revision 9106371'; Using compiler version '192829333'; Build Type 'Release'
OS: 'Windows 10  (10.0.19044) 64bit Core' Language: 'en' Physical Memory: 8064 MB
BatchMode: 1, IsHumanControllingUs: 0, StartBugReporterOnCrash: 0, Is64bit: 1, IsPro: 1

COMMAND LINE ARGUMENTS:
E:\Unity\Unity Hub\Editor\2021.3.12f1\Editor\Unity.exe
-adb2
-batchMode
-noUpm
-name
AssetImportWorker0
-projectPath
E:/Unity/Projects/TheTower/TheTower
-logFile
Logs/AssetImportWorker0.log
-srvPort
55994
Successfully changed project path to: E:/Unity/Projects/TheTower/TheTower
E:/Unity/Projects/TheTower/TheTower
[UnityMemory] Configuration Parameters - Can be set up in boot.config
    "memorysetup-bucket-allocator-granularity=16"
    "memorysetup-bucket-allocator-bucket-count=8"
    "memorysetup-bucket-allocator-block-size=33554432"
    "memorysetup-bucket-allocator-block-count=8"
    "memorysetup-main-allocator-block-size=16777216"
    "memorysetup-thread-allocator-block-size=16777216"
    "memorysetup-gfx-main-allocator-block-size=16777216"
    "memorysetup-gfx-thread-allocator-block-size=16777216"
    "memorysetup-cache-allocator-block-size=4194304"
    "memorysetup-typetree-allocator-block-size=2097152"
    "memorysetup-profiler-bucket-allocator-granularity=16"
    "memorysetup-profiler-bucket-allocator-bucket-count=8"
    "memorysetup-profiler-bucket-allocator-block-size=33554432"
    "memorysetup-profiler-bucket-allocator-block-count=8"
    "memorysetup-profiler-allocator-block-size=16777216"
    "memorysetup-profiler-editor-allocator-block-size=1048576"
    "memorysetup-temp-allocator-size-main=16777216"
    "memorysetup-job-temp-allocator-block-size=2097152"
    "memorysetup-job-temp-allocator-block-size-background=1048576"
    "memorysetup-job-temp-allocator-reduction-small-platforms=262144"
    "memorysetup-temp-allocator-size-background-worker=32768"
    "memorysetup-temp-allocator-size-job-worker=262144"
    "memorysetup-temp-allocator-size-preload-manager=33554432"
    "memorysetup-temp-allocator-size-nav-mesh-worker=65536"
    "memorysetup-temp-allocator-size-audio-worker=65536"
    "memorysetup-temp-allocator-size-cloud-worker=32768"
    "memorysetup-temp-allocator-size-gi-baking-worker=262144"
    "memorysetup-temp-allocator-size-gfx=262144"
Refreshing native plugins compatible for Editor in 109.45 ms, found 4 plugins.
Preloading 0 native plugins for Editor in 0.00 ms.
Initialize engine version: 2021.3.12f1 (8af3c3e441b1)
[Subsystems] Discovering subsystems at path E:/Unity/Unity Hub/Editor/2021.3.12f1/Editor/Data/Resources/UnitySubsystems
[Subsystems] Discovering subsystems at path E:/Unity/Projects/TheTower/TheTower/Assets
GfxDevice: creating device client; threaded=0; jobified=0
Direct3D:
    Version:  Direct3D 11.0 [level 11.1]
    Renderer: NVIDIA GeForce GTX 1070 (ID=0x1b81)
    Vendor:   NVIDIA
    VRAM:     8088 MB
    Driver:   30.0.15.1215
Initialize mono
Mono path[0] = 'E:/Unity/Unity Hub/Editor/2021.3.12f1/Editor/Data/Managed'
Mono path[1] = 'E:/Unity/Unity Hub/Editor/2021.3.12f1/Editor/Data/MonoBleedingEdge/lib/mono/unityjit-win32'
Mono config path = 'E:/Unity/Unity Hub/Editor/2021.3.12f1/Editor/Data/MonoBleedingEdge/etc'
Using monoOptions --debugger-agent=transport=dt_socket,embedding=1,server=y,suspend=n,address=127.0.0.1:56376
Begin MonoManager ReloadAssembly
Registering precompiled unity dll's ...
Register platform support module: E:/Unity/Unity Hub/Editor/2021.3.12f1/Editor/Data/PlaybackEngines/WindowsStandaloneSupport/UnityEditor.WindowsStandalone.Extensions.dll
Registered in 0.003770 seconds.
Native extension for WindowsStandalone target not found
Refreshing native plugins compatible for Editor in 107.62 ms, found 4 plugins.
Preloading 0 native plugins for Editor in 0.00 ms.
Mono: successfully reloaded assembly
- Completed reload, in  0.819 seconds
Domain Reload Profiling:
	ReloadAssembly (819ms)
		BeginReloadAssembly (98ms)
			ExecutionOrderSort (0ms)
			DisableScriptedObjects (0ms)
			BackupInstance (0ms)
			ReleaseScriptingObjects (0ms)
			CreateAndSetChildDomain (1ms)
		EndReloadAssembly (597ms)
			LoadAssemblies (97ms)
			RebuildTransferFunctionScriptingTraits (0ms)
			SetupTypeCache (141ms)
			ReleaseScriptCaches (0ms)
			RebuildScriptCaches (37ms)
			SetupLoadedEditorAssemblies (358ms)
				LogAssemblyErrors (0ms)
				InitializePlatformSupportModulesInManaged (9ms)
				SetLoadedEditorAssemblies (0ms)
				RefreshPlugins (108ms)
				BeforeProcessingInitializeOnLoad (1ms)
				ProcessInitializeOnLoadAttributes (180ms)
				ProcessInitializeOnLoadMethodAttributes (59ms)
				AfterProcessingInitializeOnLoad (0ms)
				EditorAssembliesLoaded (0ms)
			ExecutionOrderSort2 (0ms)
			AwakeInstancesAfterBackupRestoration (0ms)
Platform modules already initialized, skipping
Registering precompiled user dll's ...
Registered in 0.007058 seconds.
Begin MonoManager ReloadAssembly
Symbol file LoadedFromMemory doesn't match image E:\Unity\Projects\TheTower\TheTower\Library\PackageCache\com.unity.visualscripting@1.7.8\Editor\VisualScripting.Core\Dependencies\YamlDotNet\Unity.VisualScripting.YamlDotNet.dll
Symbol file LoadedFromMemory doesn't match image E:\Unity\Projects\TheTower\TheTower\Library\PackageCache\com.unity.visualscripting@1.7.8\Editor\VisualScripting.Core\Dependencies\DotNetZip\Unity.VisualScripting.IonicZip.dll
Native extension for WindowsStandalone target not found
Refreshing native plugins compatible for Editor in 151.73 ms, found 4 plugins.
Preloading 0 native plugins for Editor in 0.00 ms.
Mono: successfully reloaded assembly
- Completed reload, in  1.467 seconds
Domain Reload Profiling:
	ReloadAssembly (1468ms)
		BeginReloadAssembly (137ms)
			ExecutionOrderSort (0ms)
			DisableScriptedObjects (7ms)
			BackupInstance (0ms)
			ReleaseScriptingObjects (0ms)
			CreateAndSetChildDomain (25ms)
		EndReloadAssembly (1191ms)
			LoadAssemblies (101ms)
			RebuildTransferFunctionScriptingTraits (0ms)
			SetupTypeCache (322ms)
			ReleaseScriptCaches (1ms)
			RebuildScriptCaches (79ms)
			SetupLoadedEditorAssemblies (634ms)
				LogAssemblyErrors (0ms)
				InitializePlatformSupportModulesInManaged (6ms)
				SetLoadedEditorAssemblies (0ms)
				RefreshPlugins (152ms)
				BeforeProcessingInitializeOnLoad (104ms)
				ProcessInitializeOnLoadAttributes (309ms)
				ProcessInitializeOnLoadMethodAttributes (59ms)
				AfterProcessingInitializeOnLoad (3ms)
				EditorAssembliesLoaded (0ms)
			ExecutionOrderSort2 (0ms)
			AwakeInstancesAfterBackupRestoration (7ms)
Platform modules already initialized, skipping
========================================================================
Worker process is ready to serve import requests
Launched and connected shader compiler UnityShaderCompiler.exe after 0.05 seconds
Refreshing native plugins compatible for Editor in 0.74 ms, found 4 plugins.
Preloading 0 native plugins for Editor in 0.00 ms.
Unloading 3972 Unused Serialized files (Serialized files now loaded: 0)
Unloading 43 unused Assets / (199.3 KB). Loaded Objects now: 4425.
Memory consumption went from 146.9 MB to 146.7 MB.
Total: 3.902100 ms (FindLiveObjects: 0.388500 ms CreateObjectMapping: 0.407100 ms MarkObjects: 2.951400 ms  DeleteObjects: 0.154300 ms)

AssetImportParameters requested are different than current active one (requested -> active):
  custom:video-decoder-ogg-theora: a1e56fd34408186e4bbccfd4996cb3dc -> 
  custom:container-muxer-webm: aa71ff27fc2769a1b78a27578f13a17b -> 
  custom:container-demuxer-webm: 4f35f7cbe854078d1ac9338744f61a02 -> 
  custom:video-encoder-webm-vp8: eb34c28f22e8b96e1ab97ce403110664 -> 
  custom:video-codec-MediaFoundation-h265: 746d11721c4dcdbdad8f713fa42b33f4 -> 
  custom:audio-encoder-webm-vorbis: bf7c407c2cedff20999df2af8eb42d56 -> 
  custom:framework-win-MediaFoundation: 216162199b28c13a410421893ffa2e32 -> 
  custom:container-demuxer-ogg: 62fdf1f143b41e24485cea50d1cbac27 -> 
  custom:video-decoder-webm-vp8: 9c59270c3fd7afecdb556c50c9e8de78 -> 
  custom:audio-decoder-ogg-vorbis: bf7c407c2cedff20999df2af8eb42d56 -> 
========================================================================
Received Import Request.
  Time since last request: 91154.135713 seconds.
  path: Assets/Scriptable
  artifactKey: Guid(3e3ac18dded6ee742a67bf9671f5be6c) Importer(815301076,1909f56bfc062723c751e8b465ee728b)
Start importing Assets/Scriptable using Guid(3e3ac18dded6ee742a67bf9671f5be6c) Importer(815301076,1909f56bfc062723c751e8b465ee728b)  -> (artifact id: 'c9281d882bd7ea50b888570d53235b54') in 0.013046 seconds 
========================================================================
Received Import Request.
  Time since last request: 90.280910 seconds.
  path: Assets/ScriptableObjects
  artifactKey: Guid(3e3ac18dded6ee742a67bf9671f5be6c) Importer(815301076,1909f56bfc062723c751e8b465ee728b)
Start importing Assets/ScriptableObjects using Guid(3e3ac18dded6ee742a67bf9671f5be6c) Importer(815301076,1909f56bfc062723c751e8b465ee728b)  -> (artifact id: '9720fab98e208fda9ff7addc911c6c79') in 0.005304 seconds 
========================================================================
Received Import Request.
  Time since last request: 19.190161 seconds.
  path: Assets/GameData
  artifactKey: Guid(f2fee519148dd7944a3ccd6ed082fcb5) Importer(815301076,1909f56bfc062723c751e8b465ee728b)
Start importing Assets/GameData using Guid(f2fee519148dd7944a3ccd6ed082fcb5) Importer(815301076,1909f56bfc062723c751e8b465ee728b)  -> (artifact id: '1bf96c6e06b91e3732c6160b3d89b578') in 0.006264 seconds 
========================================================================
Received Import Request.
  Time since last request: 10.009735 seconds.
  path: Assets/ScriptableObjects/FloatVariable.cs
  artifactKey: Guid(c58a141e73e3010449b0216c908fe934) Importer(815301076,1909f56bfc062723c751e8b465ee728b)
Start importing Assets/ScriptableObjects/FloatVariable.cs using Guid(c58a141e73e3010449b0216c908fe934) Importer(815301076,1909f56bfc062723c751e8b465ee728b)  -> (artifact id: 'f06f202f64b0fbde5c8e2b4b657034b3') in 0.139675 seconds 
========================================================================
Received Import Request.
  Time since last request: 493.614028 seconds.
  path: Assets/ScriptableObjects/FloatVariable.cs
  artifactKey: Guid(c58a141e73e3010449b0216c908fe934) Importer(815301076,1909f56bfc062723c751e8b465ee728b)
Start importing Assets/ScriptableObjects/FloatVariable.cs using Guid(c58a141e73e3010449b0216c908fe934) Importer(815301076,1909f56bfc062723c751e8b465ee728b)  -> (artifact id: '2e30f0f4c010e5d473ab9334fa3b54fc') in 0.008563 seconds 
========================================================================
Received Prepare
Registering precompiled user dll's ...
Registered in 0.007046 seconds.
Begin MonoManager ReloadAssembly
Symbol file LoadedFromMemory doesn't match image E:\Unity\Projects\TheTower\TheTower\Library\PackageCache\com.unity.visualscripting@1.7.8\Editor\VisualScripting.Core\Dependencies\YamlDotNet\Unity.VisualScripting.YamlDotNet.dll
Symbol file LoadedFromMemory doesn't match image E:\Unity\Projects\TheTower\TheTower\Library\PackageCache\com.unity.visualscripting@1.7.8\Editor\VisualScripting.Core\Dependencies\DotNetZip\Unity.VisualScripting.IonicZip.dll
Native extension for WindowsStandalone target not found
Refreshing native plugins compatible for Editor in 0.71 ms, found 4 plugins.
Preloading 0 native plugins for Editor in 0.00 ms.
Mono: successfully reloaded assembly
- Completed reload, in  1.046 seconds
Domain Reload Profiling:
	ReloadAssembly (1047ms)
		BeginReloadAssembly (139ms)
			ExecutionOrderSort (0ms)
			DisableScriptedObjects (8ms)
			BackupInstance (0ms)
			ReleaseScriptingObjects (0ms)
			CreateAndSetChildDomain (41ms)
		EndReloadAssembly (808ms)
			LoadAssemblies (89ms)
			RebuildTransferFunctionScriptingTraits (0ms)
			SetupTypeCache (264ms)
			ReleaseScriptCaches (1ms)
			RebuildScriptCaches (49ms)
			SetupLoadedEditorAssemblies (362ms)
				LogAssemblyErrors (0ms)
				InitializePlatformSupportModulesInManaged (13ms)
				SetLoadedEditorAssemblies (1ms)
				RefreshPlugins (1ms)
				BeforeProcessingInitializeOnLoad (70ms)
				ProcessInitializeOnLoadAttributes (231ms)
				ProcessInitializeOnLoadMethodAttributes (45ms)
				AfterProcessingInitializeOnLoad (3ms)
				EditorAssembliesLoaded (0ms)
			ExecutionOrderSort2 (0ms)
			AwakeInstancesAfterBackupRestoration (9ms)
Platform modules already initialized, skipping
Refreshing native plugins compatible for Editor in 2.02 ms, found 4 plugins.
Preloading 0 native plugins for Editor in 0.00 ms.
Unloading 3968 Unused Serialized files (Serialized files now loaded: 0)
Unloading 30 unused Assets / (166.0 KB). Loaded Objects now: 4429.
Memory consumption went from 146.9 MB to 146.8 MB.
Total: 3.898400 ms (FindLiveObjects: 0.332100 ms CreateObjectMapping: 0.303300 ms MarkObjects: 3.113600 ms  DeleteObjects: 0.148600 ms)

AssetImportParameters requested are different than current active one (requested -> active):
  custom:video-decoder-ogg-theora: a1e56fd34408186e4bbccfd4996cb3dc -> 
  custom:container-muxer-webm: aa71ff27fc2769a1b78a27578f13a17b -> 
  custom:container-demuxer-webm: 4f35f7cbe854078d1ac9338744f61a02 -> 
  custom:video-encoder-webm-vp8: eb34c28f22e8b96e1ab97ce403110664 -> 
  custom:video-codec-MediaFoundation-h265: 746d11721c4dcdbdad8f713fa42b33f4 -> 
  custom:audio-encoder-webm-vorbis: bf7c407c2cedff20999df2af8eb42d56 -> 
  custom:framework-win-MediaFoundation: 216162199b28c13a410421893ffa2e32 -> 
  custom:container-demuxer-ogg: 62fdf1f143b41e24485cea50d1cbac27 -> 
  custom:video-decoder-webm-vp8: 9c59270c3fd7afecdb556c50c9e8de78 -> 
  custom:audio-decoder-ogg-vorbis: bf7c407c2cedff20999df2af8eb42d56 -> 
========================================================================
Received Import Request.
  Time since last request: 17.775298 seconds.
  path: Assets/GameData/Player
  artifactKey: Guid(824cbf94ad9374b4b96c359f0f6bf882) Importer(815301076,1909f56bfc062723c751e8b465ee728b)
Start importing Assets/GameData/Player using Guid(824cbf94ad9374b4b96c359f0f6bf882) Importer(815301076,1909f56bfc062723c751e8b465ee728b)  -> (artifact id: '875433673fd5599451dba482bc31b8c3') in 0.011592 seconds 
========================================================================
Received Import Request.
  Time since last request: 14.349574 seconds.
  path: Assets/GameData/Player/PlayerHealth.asset
  artifactKey: Guid(342c071f4d8c10e44970e5ae41f9cd0a) Importer(815301076,1909f56bfc062723c751e8b465ee728b)
Start importing Assets/GameData/Player/PlayerHealth.asset using Guid(342c071f4d8c10e44970e5ae41f9cd0a) Importer(815301076,1909f56bfc062723c751e8b465ee728b)  -> (artifact id: '7e2a33d1b25845dcee7c4a7e8e425a0d') in 0.023808 seconds 
========================================================================
Received Import Request.
  Time since last request: 10.077672 seconds.
  path: Assets/GameData/Player/PlayerMaxHealth.asset
  artifactKey: Guid(21710f2df92019e40b2ba759619611d1) Importer(815301076,1909f56bfc062723c751e8b465ee728b)
Start importing Assets/GameData/Player/PlayerMaxHealth.asset using Guid(21710f2df92019e40b2ba759619611d1) Importer(815301076,1909f56bfc062723c751e8b465ee728b)  -> (artifact id: '7c06e8a2be7b44346811a36945b48aa7') in 0.006470 seconds 
========================================================================
Received Import Request.
  Time since last request: 91.079861 seconds.
  path: Assets/GameData/Player/PlayerAttackDamage.asset
  artifactKey: Guid(c6d688e3c2ec0274aa30e9b89d25ef5e) Importer(815301076,1909f56bfc062723c751e8b465ee728b)
Start importing Assets/GameData/Player/PlayerAttackDamage.asset using Guid(c6d688e3c2ec0274aa30e9b89d25ef5e) Importer(815301076,1909f56bfc062723c751e8b465ee728b)  -> (artifact id: 'c1b09f483b969670a972c2a2e65d8211') in 0.007029 seconds 
========================================================================
Received Import Request.
  Time since last request: 8.634801 seconds.
  path: Assets/GameData/Player/PlayerAttackSpeed.asset
  artifactKey: Guid(353ac7b61a8412f4a8786c83e88a2889) Importer(815301076,1909f56bfc062723c751e8b465ee728b)
Start importing Assets/GameData/Player/PlayerAttackSpeed.asset using Guid(353ac7b61a8412f4a8786c83e88a2889) Importer(815301076,1909f56bfc062723c751e8b465ee728b)  -> (artifact id: '5b4ef15d09db9f2053574b41f4216470') in 0.006182 seconds 
========================================================================
Received Prepare
Registering precompiled user dll's ...
Registered in 0.005796 seconds.
Begin MonoManager ReloadAssembly
Symbol file LoadedFromMemory doesn't match image E:\Unity\Projects\TheTower\TheTower\Library\PackageCache\com.unity.visualscripting@1.7.8\Editor\VisualScripting.Core\Dependencies\YamlDotNet\Unity.VisualScripting.YamlDotNet.dll
Symbol file LoadedFromMemory doesn't match image E:\Unity\Projects\TheTower\TheTower\Library\PackageCache\com.unity.visualscripting@1.7.8\Editor\VisualScripting.Core\Dependencies\DotNetZip\Unity.VisualScripting.IonicZip.dll
Native extension for WindowsStandalone target not found
Refreshing native plugins compatible for Editor in 0.70 ms, found 4 plugins.
Preloading 0 native plugins for Editor in 0.00 ms.
Mono: successfully reloaded assembly
- Completed reload, in  1.099 seconds
Domain Reload Profiling:
	ReloadAssembly (1100ms)
		BeginReloadAssembly (156ms)
			ExecutionOrderSort (0ms)
			DisableScriptedObjects (13ms)
			BackupInstance (0ms)
			ReleaseScriptingObjects (0ms)
			CreateAndSetChildDomain (49ms)
		EndReloadAssembly (838ms)
			LoadAssemblies (92ms)
			RebuildTransferFunctionScriptingTraits (0ms)
			SetupTypeCache (261ms)
			ReleaseScriptCaches (1ms)
			RebuildScriptCaches (49ms)
			SetupLoadedEditorAssemblies (397ms)
				LogAssemblyErrors (0ms)
				InitializePlatformSupportModulesInManaged (12ms)
				SetLoadedEditorAssemblies (0ms)
				RefreshPlugins (1ms)
				BeforeProcessingInitializeOnLoad (75ms)
				ProcessInitializeOnLoadAttributes (260ms)
				ProcessInitializeOnLoadMethodAttributes (44ms)
				AfterProcessingInitializeOnLoad (3ms)
				EditorAssembliesLoaded (0ms)
			ExecutionOrderSort2 (0ms)
			AwakeInstancesAfterBackupRestoration (10ms)
Platform modules already initialized, skipping
Refreshing native plugins compatible for Editor in 2.57 ms, found 4 plugins.
Preloading 0 native plugins for Editor in 0.00 ms.
Unloading 3968 Unused Serialized files (Serialized files now loaded: 0)
Unloading 30 unused Assets / (166.0 KB). Loaded Objects now: 4433.
Memory consumption went from 146.9 MB to 146.8 MB.
Total: 3.991300 ms (FindLiveObjects: 0.348500 ms CreateObjectMapping: 0.539600 ms MarkObjects: 2.953800 ms  DeleteObjects: 0.148500 ms)

AssetImportParameters requested are different than current active one (requested -> active):
  custom:video-decoder-ogg-theora: a1e56fd34408186e4bbccfd4996cb3dc -> 
  custom:container-muxer-webm: aa71ff27fc2769a1b78a27578f13a17b -> 
  custom:container-demuxer-webm: 4f35f7cbe854078d1ac9338744f61a02 -> 
  custom:video-encoder-webm-vp8: eb34c28f22e8b96e1ab97ce403110664 -> 
  custom:video-codec-MediaFoundation-h265: 746d11721c4dcdbdad8f713fa42b33f4 -> 
  custom:audio-encoder-webm-vorbis: bf7c407c2cedff20999df2af8eb42d56 -> 
  custom:framework-win-MediaFoundation: 216162199b28c13a410421893ffa2e32 -> 
  custom:container-demuxer-ogg: 62fdf1f143b41e24485cea50d1cbac27 -> 
  custom:video-decoder-webm-vp8: 9c59270c3fd7afecdb556c50c9e8de78 -> 
  custom:audio-decoder-ogg-vorbis: bf7c407c2cedff20999df2af8eb42d56 -> 
========================================================================
Received Import Request.
  Time since last request: 297.629009 seconds.
  path: Assets/GameData/Player/PlayerAttackDelay.asset
  artifactKey: Guid(353ac7b61a8412f4a8786c83e88a2889) Importer(815301076,1909f56bfc062723c751e8b465ee728b)
Start importing Assets/GameData/Player/PlayerAttackDelay.asset using Guid(353ac7b61a8412f4a8786c83e88a2889) Importer(815301076,1909f56bfc062723c751e8b465ee728b)  -> (artifact id: '7ac985c44774ed4cc0abb72985f3154c') in 0.020352 seconds 
========================================================================
Received Import Request.
  Time since last request: 48.812614 seconds.
  path: Assets/Prefabs/Tower.prefab
  artifactKey: Guid(e570f61963902504cb1a255d5f3bda0e) Importer(815301076,1909f56bfc062723c751e8b465ee728b)
Start importing Assets/Prefabs/Tower.prefab using Guid(e570f61963902504cb1a255d5f3bda0e) Importer(815301076,1909f56bfc062723c751e8b465ee728b)  -> (artifact id: 'c0efdc76d85d6dd4c79c1909e84cf102') in 0.119890 seconds 
========================================================================
Received Prepare
Registering precompiled user dll's ...
Registered in 0.005640 seconds.
Begin MonoManager ReloadAssembly
Symbol file LoadedFromMemory doesn't match image E:\Unity\Projects\TheTower\TheTower\Library\PackageCache\com.unity.visualscripting@1.7.8\Editor\VisualScripting.Core\Dependencies\YamlDotNet\Unity.VisualScripting.YamlDotNet.dll
Symbol file LoadedFromMemory doesn't match image E:\Unity\Projects\TheTower\TheTower\Library\PackageCache\com.unity.visualscripting@1.7.8\Editor\VisualScripting.Core\Dependencies\DotNetZip\Unity.VisualScripting.IonicZip.dll
Native extension for WindowsStandalone target not found
Refreshing native plugins compatible for Editor in 0.70 ms, found 4 plugins.
Preloading 0 native plugins for Editor in 0.00 ms.
Mono: successfully reloaded assembly
- Completed reload, in  1.074 seconds
Domain Reload Profiling:
	ReloadAssembly (1075ms)
		BeginReloadAssembly (140ms)
			ExecutionOrderSort (0ms)
			DisableScriptedObjects (7ms)
			BackupInstance (0ms)
			ReleaseScriptingObjects (0ms)
			CreateAndSetChildDomain (41ms)
		EndReloadAssembly (828ms)
			LoadAssemblies (91ms)
			RebuildTransferFunctionScriptingTraits (0ms)
			SetupTypeCache (268ms)
			ReleaseScriptCaches (2ms)
			RebuildScriptCaches (48ms)
			SetupLoadedEditorAssemblies (375ms)
				LogAssemblyErrors (0ms)
				InitializePlatformSupportModulesInManaged (12ms)
				SetLoadedEditorAssemblies (1ms)
				RefreshPlugins (1ms)
				BeforeProcessingInitializeOnLoad (71ms)
				ProcessInitializeOnLoadAttributes (239ms)
				ProcessInitializeOnLoadMethodAttributes (49ms)
				AfterProcessingInitializeOnLoad (3ms)
				EditorAssembliesLoaded (0ms)
			ExecutionOrderSort2 (0ms)
			AwakeInstancesAfterBackupRestoration (10ms)
Platform modules already initialized, skipping
Refreshing native plugins compatible for Editor in 2.10 ms, found 4 plugins.
Preloading 0 native plugins for Editor in 0.00 ms.
Unloading 3968 Unused Serialized files (Serialized files now loaded: 0)
Unloading 30 unused Assets / (166.1 KB). Loaded Objects now: 4443.
Memory consumption went from 151.3 MB to 151.2 MB.
Total: 3.495700 ms (FindLiveObjects: 0.266100 ms CreateObjectMapping: 0.121900 ms MarkObjects: 2.973000 ms  DeleteObjects: 0.133800 ms)

AssetImportParameters requested are different than current active one (requested -> active):
  custom:video-decoder-ogg-theora: a1e56fd34408186e4bbccfd4996cb3dc -> 
  custom:container-muxer-webm: aa71ff27fc2769a1b78a27578f13a17b -> 
  custom:container-demuxer-webm: 4f35f7cbe854078d1ac9338744f61a02 -> 
  custom:video-encoder-webm-vp8: eb34c28f22e8b96e1ab97ce403110664 -> 
  custom:video-codec-MediaFoundation-h265: 746d11721c4dcdbdad8f713fa42b33f4 -> 
  custom:audio-encoder-webm-vorbis: bf7c407c2cedff20999df2af8eb42d56 -> 
  custom:framework-win-MediaFoundation: 216162199b28c13a410421893ffa2e32 -> 
  custom:container-demuxer-ogg: 62fdf1f143b41e24485cea50d1cbac27 -> 
  custom:video-decoder-webm-vp8: 9c59270c3fd7afecdb556c50c9e8de78 -> 
  custom:audio-decoder-ogg-vorbis: bf7c407c2cedff20999df2af8eb42d56 -> 
========================================================================
Received Import Request.
  Time since last request: 109.675696 seconds.
  path: Assets/GameData/Player/PlayerHealthMax.asset
  artifactKey: Guid(21710f2df92019e40b2ba759619611d1) Importer(815301076,1909f56bfc062723c751e8b465ee728b)
Start importing Assets/GameData/Player/PlayerHealthMax.asset using Guid(21710f2df92019e40b2ba759619611d1) Importer(815301076,1909f56bfc062723c751e8b465ee728b)  -> (artifact id: '782d24700251b8b7e9db232bd6d0a22b') in 0.021275 seconds 
========================================================================
Received Prepare
Registering precompiled user dll's ...
Registered in 0.005249 seconds.
Begin MonoManager ReloadAssembly
Symbol file LoadedFromMemory doesn't match image E:\Unity\Projects\TheTower\TheTower\Library\PackageCache\com.unity.visualscripting@1.7.8\Editor\VisualScripting.Core\Dependencies\YamlDotNet\Unity.VisualScripting.YamlDotNet.dll
Symbol file LoadedFromMemory doesn't match image E:\Unity\Projects\TheTower\TheTower\Library\PackageCache\com.unity.visualscripting@1.7.8\Editor\VisualScripting.Core\Dependencies\DotNetZip\Unity.VisualScripting.IonicZip.dll
Native extension for WindowsStandalone target not found
Refreshing native plugins compatible for Editor in 1.02 ms, found 4 plugins.
Preloading 0 native plugins for Editor in 0.00 ms.
Mono: successfully reloaded assembly
- Completed reload, in  1.082 seconds
Domain Reload Profiling:
	ReloadAssembly (1082ms)
		BeginReloadAssembly (144ms)
			ExecutionOrderSort (0ms)
			DisableScriptedObjects (9ms)
			BackupInstance (0ms)
			ReleaseScriptingObjects (0ms)
			CreateAndSetChildDomain (42ms)
		EndReloadAssembly (836ms)
			LoadAssemblies (92ms)
			RebuildTransferFunctionScriptingTraits (0ms)
			SetupTypeCache (264ms)
			ReleaseScriptCaches (2ms)
			RebuildScriptCaches (51ms)
			SetupLoadedEditorAssemblies (382ms)
				LogAssemblyErrors (0ms)
				InitializePlatformSupportModulesInManaged (18ms)
				SetLoadedEditorAssemblies (1ms)
				RefreshPlugins (1ms)
				BeforeProcessingInitializeOnLoad (75ms)
				ProcessInitializeOnLoadAttributes (240ms)
				ProcessInitializeOnLoadMethodAttributes (45ms)
				AfterProcessingInitializeOnLoad (3ms)
				EditorAssembliesLoaded (0ms)
			ExecutionOrderSort2 (0ms)
			AwakeInstancesAfterBackupRestoration (9ms)
Platform modules already initialized, skipping
Refreshing native plugins compatible for Editor in 2.36 ms, found 4 plugins.
Preloading 0 native plugins for Editor in 0.00 ms.
Unloading 3968 Unused Serialized files (Serialized files now loaded: 0)
Unloading 30 unused Assets / (165.8 KB). Loaded Objects now: 4446.
Memory consumption went from 151.4 MB to 151.2 MB.
Total: 4.141600 ms (FindLiveObjects: 0.275300 ms CreateObjectMapping: 0.245900 ms MarkObjects: 3.476200 ms  DeleteObjects: 0.143400 ms)

AssetImportParameters requested are different than current active one (requested -> active):
  custom:video-decoder-ogg-theora: a1e56fd34408186e4bbccfd4996cb3dc -> 
  custom:container-muxer-webm: aa71ff27fc2769a1b78a27578f13a17b -> 
  custom:container-demuxer-webm: 4f35f7cbe854078d1ac9338744f61a02 -> 
  custom:video-encoder-webm-vp8: eb34c28f22e8b96e1ab97ce403110664 -> 
  custom:video-codec-MediaFoundation-h265: 746d11721c4dcdbdad8f713fa42b33f4 -> 
  custom:audio-encoder-webm-vorbis: bf7c407c2cedff20999df2af8eb42d56 -> 
  custom:framework-win-MediaFoundation: 216162199b28c13a410421893ffa2e32 -> 
  custom:container-demuxer-ogg: 62fdf1f143b41e24485cea50d1cbac27 -> 
  custom:video-decoder-webm-vp8: 9c59270c3fd7afecdb556c50c9e8de78 -> 
  custom:audio-decoder-ogg-vorbis: bf7c407c2cedff20999df2af8eb42d56 -> 
========================================================================
Received Import Request.
  Time since last request: 142.817711 seconds.
  path: Assets/GameData/GameController
  artifactKey: Guid(594dc7fefa331bc48832ba5bec8cd7ef) Importer(815301076,1909f56bfc062723c751e8b465ee728b)
Start importing Assets/GameData/GameController using Guid(594dc7fefa331bc48832ba5bec8cd7ef) Importer(815301076,1909f56bfc062723c751e8b465ee728b)  -> (artifact id: '3871de3d9a19accf7c5fae3d17ea906c') in 0.012367 seconds 
========================================================================
Received Import Request.
  Time since last request: 6.042512 seconds.
  path: Assets/GameData/Enemies
  artifactKey: Guid(57ce7bd4cd6567646a804f02c5851fb0) Importer(815301076,1909f56bfc062723c751e8b465ee728b)
Start importing Assets/GameData/Enemies using Guid(57ce7bd4cd6567646a804f02c5851fb0) Importer(815301076,1909f56bfc062723c751e8b465ee728b)  -> (artifact id: '9a76a0cb1682d70c9be748c9d05c48c4') in 0.007781 seconds 
========================================================================
Received Import Request.
  Time since last request: 9.783735 seconds.
  path: Assets/GameData/Enemies/BaseHealth.asset
  artifactKey: Guid(b7c8c735108ac914db16cee452396f2f) Importer(815301076,1909f56bfc062723c751e8b465ee728b)
Start importing Assets/GameData/Enemies/BaseHealth.asset using Guid(b7c8c735108ac914db16cee452396f2f) Importer(815301076,1909f56bfc062723c751e8b465ee728b)  -> (artifact id: '270487b6b92ed95964c6d2c9d847df45') in 0.016492 seconds 
========================================================================
Received Import Request.
  Time since last request: 7.610121 seconds.
  path: Assets/GameData/Enemies/BaseDamage.asset
  artifactKey: Guid(219d5f280cb050445be6511417c329f9) Importer(815301076,1909f56bfc062723c751e8b465ee728b)
Start importing Assets/GameData/Enemies/BaseDamage.asset using Guid(219d5f280cb050445be6511417c329f9) Importer(815301076,1909f56bfc062723c751e8b465ee728b)  -> (artifact id: '57e12e87ca3292c1e92003c178060e25') in 0.007105 seconds 
========================================================================
Received Import Request.
  Time since last request: 9.579582 seconds.
  path: Assets/GameData/Enemies/BaseAttackDelay.asset
  artifactKey: Guid(0d5d3ccffbb4691458059344e95b07fc) Importer(815301076,1909f56bfc062723c751e8b465ee728b)
Start importing Assets/GameData/Enemies/BaseAttackDelay.asset using Guid(0d5d3ccffbb4691458059344e95b07fc) Importer(815301076,1909f56bfc062723c751e8b465ee728b)  -> (artifact id: 'b4a97022f320f2eb753b02913bc15bef') in 0.007005 seconds 
========================================================================
Received Import Request.
  Time since last request: 7.786974 seconds.
  path: Assets/GameData/Enemies/BaseAttackDamage.asset
  artifactKey: Guid(219d5f280cb050445be6511417c329f9) Importer(815301076,1909f56bfc062723c751e8b465ee728b)
Start importing Assets/GameData/Enemies/BaseAttackDamage.asset using Guid(219d5f280cb050445be6511417c329f9) Importer(815301076,1909f56bfc062723c751e8b465ee728b)  -> (artifact id: '94e6650c8fa64cb8afa2df97c7351596') in 0.006165 seconds 
========================================================================
Received Import Request.
  Time since last request: 7.542237 seconds.
  path: Assets/GameData/Enemies/BaseHealthMax.asset
  artifactKey: Guid(b7c8c735108ac914db16cee452396f2f) Importer(815301076,1909f56bfc062723c751e8b465ee728b)
Start importing Assets/GameData/Enemies/BaseHealthMax.asset using Guid(b7c8c735108ac914db16cee452396f2f) Importer(815301076,1909f56bfc062723c751e8b465ee728b)  -> (artifact id: '1b8cd883d65e75dcb41ec19f6afd8577') in 0.006112 seconds 
========================================================================
Received Import Request.
  Time since last request: 10.482266 seconds.
  path: Assets/GameData/Enemies/BaseMovementSpeed.asset
  artifactKey: Guid(542545fe68f216c49ac2d2dbd48b0cc3) Importer(815301076,1909f56bfc062723c751e8b465ee728b)
Start importing Assets/GameData/Enemies/BaseMovementSpeed.asset using Guid(542545fe68f216c49ac2d2dbd48b0cc3) Importer(815301076,1909f56bfc062723c751e8b465ee728b)  -> (artifact id: 'ddb7b88c0a3103ed7339a0b71e278f86') in 0.006513 seconds 
========================================================================
Received Import Request.
  Time since last request: 32.246724 seconds.
  path: Assets/GameData/GameController/SpawnTimeCurrent.asset
  artifactKey: Guid(98ad2dd81071d884094549ee3a56e6a1) Importer(815301076,1909f56bfc062723c751e8b465ee728b)
Start importing Assets/GameData/GameController/SpawnTimeCurrent.asset using Guid(98ad2dd81071d884094549ee3a56e6a1) Importer(815301076,1909f56bfc062723c751e8b465ee728b)  -> (artifact id: 'fab625db501a3cb07fd72a3f1ca4d297') in 0.006580 seconds 
========================================================================
Received Import Request.
  Time since last request: 1.138100 seconds.
  path: Assets/GameData/GameController/SpawnTimeCurrent 1.asset
  artifactKey: Guid(a739ab1ba823c924187e7a247d5a0426) Importer(815301076,1909f56bfc062723c751e8b465ee728b)
Start importing Assets/GameData/GameController/SpawnTimeCurrent 1.asset using Guid(a739ab1ba823c924187e7a247d5a0426) Importer(815301076,1909f56bfc062723c751e8b465ee728b)  -> (artifact id: 'decae7e4e4026e424a4ffc8cdf505137') in 0.012132 seconds 
========================================================================
Received Import Request.
  Time since last request: 16.262083 seconds.
  path: Assets/GameData/GameController/SpawnTime.asset
  artifactKey: Guid(a739ab1ba823c924187e7a247d5a0426) Importer(815301076,1909f56bfc062723c751e8b465ee728b)
Start importing Assets/GameData/GameController/SpawnTime.asset using Guid(a739ab1ba823c924187e7a247d5a0426) Importer(815301076,1909f56bfc062723c751e8b465ee728b)  -> (artifact id: '61e9fc6260f9f073ff32288f01be1b11') in 0.014365 seconds 
========================================================================
Received Import Request.
  Time since last request: 13.890215 seconds.
  path: Assets/GameData/GameController/SpawnPhaseLength.asset
  artifactKey: Guid(a739ab1ba823c924187e7a247d5a0426) Importer(815301076,1909f56bfc062723c751e8b465ee728b)
Start importing Assets/GameData/GameController/SpawnPhaseLength.asset using Guid(a739ab1ba823c924187e7a247d5a0426) Importer(815301076,1909f56bfc062723c751e8b465ee728b)  -> (artifact id: '9c39c5fd8ff10862cea338ed8dd2f102') in 0.007303 seconds 
========================================================================
Received Import Request.
  Time since last request: 28.476615 seconds.
  path: Assets/GameData/GameController/CurrentPhaseTime.asset
  artifactKey: Guid(98ad2dd81071d884094549ee3a56e6a1) Importer(815301076,1909f56bfc062723c751e8b465ee728b)
Start importing Assets/GameData/GameController/CurrentPhaseTime.asset using Guid(98ad2dd81071d884094549ee3a56e6a1) Importer(815301076,1909f56bfc062723c751e8b465ee728b)  -> (artifact id: '963b589d664c96f3f9a1f660714280ea') in 0.005919 seconds 
========================================================================
Received Import Request.
  Time since last request: 2.376029 seconds.
  path: Assets/GameData/GameController/CurrentPhaseTime 1.asset
  artifactKey: Guid(e85a34b672c7e0d44bd3bde7861bd746) Importer(815301076,1909f56bfc062723c751e8b465ee728b)
Start importing Assets/GameData/GameController/CurrentPhaseTime 1.asset using Guid(e85a34b672c7e0d44bd3bde7861bd746) Importer(815301076,1909f56bfc062723c751e8b465ee728b)  -> (artifact id: '1f9dc513a28643f71180125fc66b97cd') in 0.006121 seconds 
========================================================================
Received Import Request.
  Time since last request: 8.383420 seconds.
  path: Assets/GameData/GameController/WaitPhaseLength.asset
  artifactKey: Guid(e85a34b672c7e0d44bd3bde7861bd746) Importer(815301076,1909f56bfc062723c751e8b465ee728b)
Start importing Assets/GameData/GameController/WaitPhaseLength.asset using Guid(e85a34b672c7e0d44bd3bde7861bd746) Importer(815301076,1909f56bfc062723c751e8b465ee728b)  -> (artifact id: 'f41b9ca59f57b584f9a2618c9a354924') in 0.006184 seconds 
========================================================================
Received Import Request.
  Time since last request: 5.478625 seconds.
  path: Assets/GameData/GameController/WaitPhaseLength 1.asset
  artifactKey: Guid(5a935a9fa350f5f49807ce95b8fdad20) Importer(815301076,1909f56bfc062723c751e8b465ee728b)
Start importing Assets/GameData/GameController/WaitPhaseLength 1.asset using Guid(5a935a9fa350f5f49807ce95b8fdad20) Importer(815301076,1909f56bfc062723c751e8b465ee728b)  -> (artifact id: 'c3502ac3538b0a443244ea00356c129f') in 0.007084 seconds 
========================================================================
Received Import Request.
  Time since last request: 12.041769 seconds.
  path: Assets/GameData/GameController/SpawnDelay.asset
  artifactKey: Guid(5a935a9fa350f5f49807ce95b8fdad20) Importer(815301076,1909f56bfc062723c751e8b465ee728b)
Start importing Assets/GameData/GameController/SpawnDelay.asset using Guid(5a935a9fa350f5f49807ce95b8fdad20) Importer(815301076,1909f56bfc062723c751e8b465ee728b)  -> (artifact id: '4f77ea939251a40d7e12a782e7b84b4f') in 0.007314 seconds 
========================================================================
Received Import Request.
  Time since last request: 57.414114 seconds.
  path: Assets/GameData/Player/Coins.asset
  artifactKey: Guid(e54eda04fb126214c962d8fa0b9aaa5d) Importer(815301076,1909f56bfc062723c751e8b465ee728b)
Start importing Assets/GameData/Player/Coins.asset using Guid(e54eda04fb126214c962d8fa0b9aaa5d) Importer(815301076,1909f56bfc062723c751e8b465ee728b)  -> (artifact id: 'f3ff09e3c756f991bfea0f2e8e20c677') in 0.006376 seconds 
========================================================================
Received Import Request.
  Time since last request: 14.378720 seconds.
  path: Assets/GameData/Enemies/CoinDropAmount.asset
  artifactKey: Guid(527224f161c834b48a136eaed83f2dd3) Importer(815301076,1909f56bfc062723c751e8b465ee728b)
Start importing Assets/GameData/Enemies/CoinDropAmount.asset using Guid(527224f161c834b48a136eaed83f2dd3) Importer(815301076,1909f56bfc062723c751e8b465ee728b)  -> (artifact id: 'df570a1a0ce6e8c4c5190ac323f16ac0') in 0.007222 seconds 
========================================================================
Received Import Request.
  Time since last request: 77.763684 seconds.
  path: Assets/GameData/GameController/CurrentSpawnTime.asset
  artifactKey: Guid(223672cb7495ef0458ecc30196b47e69) Importer(815301076,1909f56bfc062723c751e8b465ee728b)
Start importing Assets/GameData/GameController/CurrentSpawnTime.asset using Guid(223672cb7495ef0458ecc30196b47e69) Importer(815301076,1909f56bfc062723c751e8b465ee728b)  -> (artifact id: 'dd79269c56c65a21ce4cb1c773bef2e3') in 0.008102 seconds 
========================================================================
Received Import Request.
  Time since last request: 32.564063 seconds.
  path: Assets/ScriptableObjects/FloatVariable.cs
  artifactKey: Guid(c58a141e73e3010449b0216c908fe934) Importer(815301076,1909f56bfc062723c751e8b465ee728b)
Start importing Assets/ScriptableObjects/FloatVariable.cs using Guid(c58a141e73e3010449b0216c908fe934) Importer(815301076,1909f56bfc062723c751e8b465ee728b)  -> (artifact id: '28a96639b146b17695151d4ab16102b3') in 0.006940 seconds 
========================================================================
Received Import Request.
  Time since last request: 1.341658 seconds.
  path: Assets/ScriptableObjects/FloatVariable1.cs
  artifactKey: Guid(cf2158992508d7b408166ab04fdd0bc1) Importer(815301076,1909f56bfc062723c751e8b465ee728b)
Start importing Assets/ScriptableObjects/FloatVariable1.cs using Guid(cf2158992508d7b408166ab04fdd0bc1) Importer(815301076,1909f56bfc062723c751e8b465ee728b)  -> (artifact id: '32db4ee8ab7cae2f57cd5c7bbecc72ae') in 0.008138 seconds 
========================================================================
Received Import Request.
  Time since last request: 9.909743 seconds.
  path: Assets/ScriptableObjects/IntVariable.cs
  artifactKey: Guid(cf2158992508d7b408166ab04fdd0bc1) Importer(815301076,1909f56bfc062723c751e8b465ee728b)
Start importing Assets/ScriptableObjects/IntVariable.cs using Guid(cf2158992508d7b408166ab04fdd0bc1) Importer(815301076,1909f56bfc062723c751e8b465ee728b)  -> (artifact id: '4fc468023f525b1c24a6bdc9ab9257d0') in 0.012040 seconds 
========================================================================
Received Import Request.
  Time since last request: 19.446926 seconds.
  path: Assets/ScriptableObjects/IntVariable.cs
  artifactKey: Guid(cf2158992508d7b408166ab04fdd0bc1) Importer(815301076,1909f56bfc062723c751e8b465ee728b)
Start importing Assets/ScriptableObjects/IntVariable.cs using Guid(cf2158992508d7b408166ab04fdd0bc1) Importer(815301076,1909f56bfc062723c751e8b465ee728b)  -> (artifact id: 'd760ceec58964ba71564a70a2c3f3bb6') in 0.002501 seconds 
========================================================================
Received Prepare
Registering precompiled user dll's ...
Registered in 0.005188 seconds.
Begin MonoManager ReloadAssembly
Symbol file LoadedFromMemory doesn't match image E:\Unity\Projects\TheTower\TheTower\Library\PackageCache\com.unity.visualscripting@1.7.8\Editor\VisualScripting.Core\Dependencies\YamlDotNet\Unity.VisualScripting.YamlDotNet.dll
Symbol file LoadedFromMemory doesn't match image E:\Unity\Projects\TheTower\TheTower\Library\PackageCache\com.unity.visualscripting@1.7.8\Editor\VisualScripting.Core\Dependencies\DotNetZip\Unity.VisualScripting.IonicZip.dll
Native extension for WindowsStandalone target not found
Refreshing native plugins compatible for Editor in 0.84 ms, found 4 plugins.
Preloading 0 native plugins for Editor in 0.00 ms.
Mono: successfully reloaded assembly
- Completed reload, in  1.141 seconds
Domain Reload Profiling:
	ReloadAssembly (1141ms)
		BeginReloadAssembly (145ms)
			ExecutionOrderSort (0ms)
			DisableScriptedObjects (9ms)
			BackupInstance (0ms)
			ReleaseScriptingObjects (0ms)
			CreateAndSetChildDomain (43ms)
		EndReloadAssembly (895ms)
			LoadAssemblies (94ms)
			RebuildTransferFunctionScriptingTraits (0ms)
			SetupTypeCache (259ms)
			ReleaseScriptCaches (2ms)
			RebuildScriptCaches (48ms)
			SetupLoadedEditorAssemblies (454ms)
				LogAssemblyErrors (0ms)
				InitializePlatformSupportModulesInManaged (12ms)
				SetLoadedEditorAssemblies (0ms)
				RefreshPlugins (1ms)
				BeforeProcessingInitializeOnLoad (71ms)
				ProcessInitializeOnLoadAttributes (324ms)
				ProcessInitializeOnLoadMethodAttributes (42ms)
				AfterProcessingInitializeOnLoad (3ms)
				EditorAssembliesLoaded (0ms)
			ExecutionOrderSort2 (0ms)
			AwakeInstancesAfterBackupRestoration (9ms)
Platform modules already initialized, skipping
Refreshing native plugins compatible for Editor in 2.07 ms, found 4 plugins.
Preloading 0 native plugins for Editor in 0.00 ms.
Unloading 3969 Unused Serialized files (Serialized files now loaded: 0)
Unloading 30 unused Assets / (166.2 KB). Loaded Objects now: 4450.
Memory consumption went from 151.4 MB to 151.3 MB.
Total: 3.783000 ms (FindLiveObjects: 0.277100 ms CreateObjectMapping: 0.242800 ms MarkObjects: 3.128100 ms  DeleteObjects: 0.134100 ms)

AssetImportParameters requested are different than current active one (requested -> active):
  custom:video-decoder-ogg-theora: a1e56fd34408186e4bbccfd4996cb3dc -> 
  custom:container-muxer-webm: aa71ff27fc2769a1b78a27578f13a17b -> 
  custom:container-demuxer-webm: 4f35f7cbe854078d1ac9338744f61a02 -> 
  custom:video-encoder-webm-vp8: eb34c28f22e8b96e1ab97ce403110664 -> 
  custom:video-codec-MediaFoundation-h265: 746d11721c4dcdbdad8f713fa42b33f4 -> 
  custom:audio-encoder-webm-vorbis: bf7c407c2cedff20999df2af8eb42d56 -> 
  custom:framework-win-MediaFoundation: 216162199b28c13a410421893ffa2e32 -> 
  custom:container-demuxer-ogg: 62fdf1f143b41e24485cea50d1cbac27 -> 
  custom:video-decoder-webm-vp8: 9c59270c3fd7afecdb556c50c9e8de78 -> 
  custom:audio-decoder-ogg-vorbis: bf7c407c2cedff20999df2af8eb42d56 -> 
========================================================================
Received Import Request.
  Time since last request: 150.156330 seconds.
  path: Assets/GameData/GameController/RoundNumber.asset
  artifactKey: Guid(f707cb7a5057fc64b8dda8974fa6d123) Importer(815301076,1909f56bfc062723c751e8b465ee728b)
Start importing Assets/GameData/GameController/RoundNumber.asset using Guid(f707cb7a5057fc64b8dda8974fa6d123) Importer(815301076,1909f56bfc062723c751e8b465ee728b)  -> (artifact id: 'baa0ade8c2fef09a1da71f2df5315be8') in 0.019989 seconds 
========================================================================
Received Prepare
Registering precompiled user dll's ...
Registered in 0.005987 seconds.
Begin MonoManager ReloadAssembly
Symbol file LoadedFromMemory doesn't match image E:\Unity\Projects\TheTower\TheTower\Library\PackageCache\com.unity.visualscripting@1.7.8\Editor\VisualScripting.Core\Dependencies\YamlDotNet\Unity.VisualScripting.YamlDotNet.dll
Symbol file LoadedFromMemory doesn't match image E:\Unity\Projects\TheTower\TheTower\Library\PackageCache\com.unity.visualscripting@1.7.8\Editor\VisualScripting.Core\Dependencies\DotNetZip\Unity.VisualScripting.IonicZip.dll
Native extension for WindowsStandalone target not found
Refreshing native plugins compatible for Editor in 0.74 ms, found 4 plugins.
Preloading 0 native plugins for Editor in 0.00 ms.
Mono: successfully reloaded assembly
- Completed reload, in  1.310 seconds
Domain Reload Profiling:
	ReloadAssembly (1311ms)
		BeginReloadAssembly (149ms)
			ExecutionOrderSort (0ms)
			DisableScriptedObjects (8ms)
			BackupInstance (0ms)
			ReleaseScriptingObjects (0ms)
			CreateAndSetChildDomain (41ms)
		EndReloadAssembly (993ms)
			LoadAssemblies (104ms)
			RebuildTransferFunctionScriptingTraits (0ms)
			SetupTypeCache (330ms)
			ReleaseScriptCaches (3ms)
			RebuildScriptCaches (61ms)
			SetupLoadedEditorAssemblies (434ms)
				LogAssemblyErrors (0ms)
				InitializePlatformSupportModulesInManaged (13ms)
				SetLoadedEditorAssemblies (1ms)
				RefreshPlugins (1ms)
				BeforeProcessingInitializeOnLoad (71ms)
				ProcessInitializeOnLoadAttributes (293ms)
				ProcessInitializeOnLoadMethodAttributes (51ms)
				AfterProcessingInitializeOnLoad (4ms)
				EditorAssembliesLoaded (1ms)
			ExecutionOrderSort2 (0ms)
			AwakeInstancesAfterBackupRestoration (10ms)
Platform modules already initialized, skipping
Refreshing native plugins compatible for Editor in 2.40 ms, found 4 plugins.
Preloading 0 native plugins for Editor in 0.00 ms.
Unloading 3969 Unused Serialized files (Serialized files now loaded: 0)
Unloading 30 unused Assets / (166.1 KB). Loaded Objects now: 4453.
Memory consumption went from 151.4 MB to 151.3 MB.
Total: 3.740600 ms (FindLiveObjects: 0.281400 ms CreateObjectMapping: 0.254700 ms MarkObjects: 3.063200 ms  DeleteObjects: 0.140300 ms)

AssetImportParameters requested are different than current active one (requested -> active):
  custom:video-decoder-ogg-theora: a1e56fd34408186e4bbccfd4996cb3dc -> 
  custom:container-muxer-webm: aa71ff27fc2769a1b78a27578f13a17b -> 
  custom:container-demuxer-webm: 4f35f7cbe854078d1ac9338744f61a02 -> 
  custom:video-encoder-webm-vp8: eb34c28f22e8b96e1ab97ce403110664 -> 
  custom:video-codec-MediaFoundation-h265: 746d11721c4dcdbdad8f713fa42b33f4 -> 
  custom:audio-encoder-webm-vorbis: bf7c407c2cedff20999df2af8eb42d56 -> 
  custom:framework-win-MediaFoundation: 216162199b28c13a410421893ffa2e32 -> 
  custom:container-demuxer-ogg: 62fdf1f143b41e24485cea50d1cbac27 -> 
  custom:video-decoder-webm-vp8: 9c59270c3fd7afecdb556c50c9e8de78 -> 
  custom:audio-decoder-ogg-vorbis: bf7c407c2cedff20999df2af8eb42d56 -> 
========================================================================
Received Prepare
Registering precompiled user dll's ...
Registered in 0.005010 seconds.
Begin MonoManager ReloadAssembly
Symbol file LoadedFromMemory doesn't match image E:\Unity\Projects\TheTower\TheTower\Library\PackageCache\com.unity.visualscripting@1.7.8\Editor\VisualScripting.Core\Dependencies\YamlDotNet\Unity.VisualScripting.YamlDotNet.dll
Symbol file LoadedFromMemory doesn't match image E:\Unity\Projects\TheTower\TheTower\Library\PackageCache\com.unity.visualscripting@1.7.8\Editor\VisualScripting.Core\Dependencies\DotNetZip\Unity.VisualScripting.IonicZip.dll
Native extension for WindowsStandalone target not found
Refreshing native plugins compatible for Editor in 0.77 ms, found 4 plugins.
Preloading 0 native plugins for Editor in 0.00 ms.
Mono: successfully reloaded assembly
- Completed reload, in  1.535 seconds
Domain Reload Profiling:
	ReloadAssembly (1536ms)
		BeginReloadAssembly (231ms)
			ExecutionOrderSort (0ms)
			DisableScriptedObjects (8ms)
			BackupInstance (0ms)
			ReleaseScriptingObjects (0ms)
			CreateAndSetChildDomain (44ms)
		EndReloadAssembly (1176ms)
			LoadAssemblies (179ms)
			RebuildTransferFunctionScriptingTraits (0ms)
			SetupTypeCache (635ms)
			ReleaseScriptCaches (2ms)
			RebuildScriptCaches (47ms)
			SetupLoadedEditorAssemblies (361ms)
				LogAssemblyErrors (0ms)
				InitializePlatformSupportModulesInManaged (12ms)
				SetLoadedEditorAssemblies (1ms)
				RefreshPlugins (1ms)
				BeforeProcessingInitializeOnLoad (69ms)
				ProcessInitializeOnLoadAttributes (232ms)
				ProcessInitializeOnLoadMethodAttributes (43ms)
				AfterProcessingInitializeOnLoad (3ms)
				EditorAssembliesLoaded (0ms)
			ExecutionOrderSort2 (0ms)
			AwakeInstancesAfterBackupRestoration (9ms)
Platform modules already initialized, skipping
Refreshing native plugins compatible for Editor in 2.08 ms, found 4 plugins.
Preloading 0 native plugins for Editor in 0.00 ms.
Unloading 3969 Unused Serialized files (Serialized files now loaded: 0)
Unloading 30 unused Assets / (166.1 KB). Loaded Objects now: 4456.
Memory consumption went from 151.5 MB to 151.3 MB.
Total: 3.940300 ms (FindLiveObjects: 0.323000 ms CreateObjectMapping: 0.273900 ms MarkObjects: 3.199500 ms  DeleteObjects: 0.142800 ms)

AssetImportParameters requested are different than current active one (requested -> active):
  custom:video-decoder-ogg-theora: a1e56fd34408186e4bbccfd4996cb3dc -> 
  custom:container-muxer-webm: aa71ff27fc2769a1b78a27578f13a17b -> 
  custom:container-demuxer-webm: 4f35f7cbe854078d1ac9338744f61a02 -> 
  custom:video-encoder-webm-vp8: eb34c28f22e8b96e1ab97ce403110664 -> 
  custom:video-codec-MediaFoundation-h265: 746d11721c4dcdbdad8f713fa42b33f4 -> 
  custom:audio-encoder-webm-vorbis: bf7c407c2cedff20999df2af8eb42d56 -> 
  custom:framework-win-MediaFoundation: 216162199b28c13a410421893ffa2e32 -> 
  custom:container-demuxer-ogg: 62fdf1f143b41e24485cea50d1cbac27 -> 
  custom:video-decoder-webm-vp8: 9c59270c3fd7afecdb556c50c9e8de78 -> 
  custom:audio-decoder-ogg-vorbis: bf7c407c2cedff20999df2af8eb42d56 -> 
========================================================================
Received Import Request.
  Time since last request: 2097.009345 seconds.
  path: Assets/ScriptableObjects/FloatVariable.cs
  artifactKey: Guid(c58a141e73e3010449b0216c908fe934) Importer(815301076,1909f56bfc062723c751e8b465ee728b)
Start importing Assets/ScriptableObjects/FloatVariable.cs using Guid(c58a141e73e3010449b0216c908fe934) Importer(815301076,1909f56bfc062723c751e8b465ee728b)  -> (artifact id: '868c063f00ea98cf6fd535fcb3cb9695') in 0.013944 seconds 
========================================================================
Received Prepare
Registering precompiled user dll's ...
Registered in 0.005076 seconds.
Begin MonoManager ReloadAssembly
Symbol file LoadedFromMemory doesn't match image E:\Unity\Projects\TheTower\TheTower\Library\PackageCache\com.unity.visualscripting@1.7.8\Editor\VisualScripting.Core\Dependencies\YamlDotNet\Unity.VisualScripting.YamlDotNet.dll
Symbol file LoadedFromMemory doesn't match image E:\Unity\Projects\TheTower\TheTower\Library\PackageCache\com.unity.visualscripting@1.7.8\Editor\VisualScripting.Core\Dependencies\DotNetZip\Unity.VisualScripting.IonicZip.dll
Native extension for WindowsStandalone target not found
Refreshing native plugins compatible for Editor in 0.74 ms, found 4 plugins.
Preloading 0 native plugins for Editor in 0.00 ms.
Mono: successfully reloaded assembly
- Completed reload, in  1.079 seconds
Domain Reload Profiling:
	ReloadAssembly (1079ms)
		BeginReloadAssembly (143ms)
			ExecutionOrderSort (0ms)
			DisableScriptedObjects (8ms)
			BackupInstance (0ms)
			ReleaseScriptingObjects (0ms)
			CreateAndSetChildDomain (40ms)
		EndReloadAssembly (836ms)
			LoadAssemblies (93ms)
			RebuildTransferFunctionScriptingTraits (0ms)
			SetupTypeCache (286ms)
			ReleaseScriptCaches (2ms)
			RebuildScriptCaches (53ms)
			SetupLoadedEditorAssemblies (362ms)
				LogAssemblyErrors (0ms)
				InitializePlatformSupportModulesInManaged (12ms)
				SetLoadedEditorAssemblies (1ms)
				RefreshPlugins (1ms)
				BeforeProcessingInitializeOnLoad (68ms)
				ProcessInitializeOnLoadAttributes (236ms)
				ProcessInitializeOnLoadMethodAttributes (41ms)
				AfterProcessingInitializeOnLoad (3ms)
				EditorAssembliesLoaded (0ms)
			ExecutionOrderSort2 (0ms)
			AwakeInstancesAfterBackupRestoration (9ms)
Platform modules already initialized, skipping
Refreshing native plugins compatible for Editor in 2.10 ms, found 4 plugins.
Preloading 0 native plugins for Editor in 0.00 ms.
Unloading 3969 Unused Serialized files (Serialized files now loaded: 0)
Unloading 30 unused Assets / (166.0 KB). Loaded Objects now: 4459.
Memory consumption went from 151.5 MB to 151.3 MB.
Total: 4.395600 ms (FindLiveObjects: 0.291000 ms CreateObjectMapping: 0.245600 ms MarkObjects: 3.435500 ms  DeleteObjects: 0.422500 ms)

AssetImportParameters requested are different than current active one (requested -> active):
  custom:video-decoder-ogg-theora: a1e56fd34408186e4bbccfd4996cb3dc -> 
  custom:container-muxer-webm: aa71ff27fc2769a1b78a27578f13a17b -> 
  custom:container-demuxer-webm: 4f35f7cbe854078d1ac9338744f61a02 -> 
  custom:video-encoder-webm-vp8: eb34c28f22e8b96e1ab97ce403110664 -> 
  custom:video-codec-MediaFoundation-h265: 746d11721c4dcdbdad8f713fa42b33f4 -> 
  custom:audio-encoder-webm-vorbis: bf7c407c2cedff20999df2af8eb42d56 -> 
  custom:framework-win-MediaFoundation: 216162199b28c13a410421893ffa2e32 -> 
  custom:container-demuxer-ogg: 62fdf1f143b41e24485cea50d1cbac27 -> 
  custom:video-decoder-webm-vp8: 9c59270c3fd7afecdb556c50c9e8de78 -> 
  custom:audio-decoder-ogg-vorbis: bf7c407c2cedff20999df2af8eb42d56 -> 
========================================================================
Received Prepare
Registering precompiled user dll's ...
Registered in 0.005528 seconds.
Begin MonoManager ReloadAssembly
Symbol file LoadedFromMemory doesn't match image E:\Unity\Projects\TheTower\TheTower\Library\PackageCache\com.unity.visualscripting@1.7.8\Editor\VisualScripting.Core\Dependencies\YamlDotNet\Unity.VisualScripting.YamlDotNet.dll
Symbol file LoadedFromMemory doesn't match image E:\Unity\Projects\TheTower\TheTower\Library\PackageCache\com.unity.visualscripting@1.7.8\Editor\VisualScripting.Core\Dependencies\DotNetZip\Unity.VisualScripting.IonicZip.dll
Native extension for WindowsStandalone target not found
Refreshing native plugins compatible for Editor in 0.87 ms, found 4 plugins.
Preloading 0 native plugins for Editor in 0.00 ms.
Mono: successfully reloaded assembly
- Completed reload, in  1.241 seconds
Domain Reload Profiling:
	ReloadAssembly (1241ms)
		BeginReloadAssembly (143ms)
			ExecutionOrderSort (0ms)
			DisableScriptedObjects (9ms)
			BackupInstance (0ms)
			ReleaseScriptingObjects (0ms)
			CreateAndSetChildDomain (39ms)
		EndReloadAssembly (996ms)
			LoadAssemblies (94ms)
			RebuildTransferFunctionScriptingTraits (0ms)
			SetupTypeCache (327ms)
			ReleaseScriptCaches (2ms)
			RebuildScriptCaches (58ms)
			SetupLoadedEditorAssemblies (454ms)
				LogAssemblyErrors (0ms)
				InitializePlatformSupportModulesInManaged (14ms)
				SetLoadedEditorAssemblies (1ms)
				RefreshPlugins (1ms)
				BeforeProcessingInitializeOnLoad (84ms)
				ProcessInitializeOnLoadAttributes (291ms)
				ProcessInitializeOnLoadMethodAttributes (54ms)
				AfterProcessingInitializeOnLoad (9ms)
				EditorAssembliesLoaded (1ms)
			ExecutionOrderSort2 (0ms)
			AwakeInstancesAfterBackupRestoration (11ms)
Platform modules already initialized, skipping
Refreshing native plugins compatible for Editor in 2.29 ms, found 4 plugins.
Preloading 0 native plugins for Editor in 0.00 ms.
Unloading 3969 Unused Serialized files (Serialized files now loaded: 0)
Unloading 30 unused Assets / (165.9 KB). Loaded Objects now: 4462.
Memory consumption went from 151.5 MB to 151.3 MB.
Total: 4.062600 ms (FindLiveObjects: 0.281700 ms CreateObjectMapping: 0.139400 ms MarkObjects: 3.413100 ms  DeleteObjects: 0.227200 ms)

AssetImportParameters requested are different than current active one (requested -> active):
  custom:video-decoder-ogg-theora: a1e56fd34408186e4bbccfd4996cb3dc -> 
  custom:container-muxer-webm: aa71ff27fc2769a1b78a27578f13a17b -> 
  custom:container-demuxer-webm: 4f35f7cbe854078d1ac9338744f61a02 -> 
  custom:video-encoder-webm-vp8: eb34c28f22e8b96e1ab97ce403110664 -> 
  custom:video-codec-MediaFoundation-h265: 746d11721c4dcdbdad8f713fa42b33f4 -> 
  custom:audio-encoder-webm-vorbis: bf7c407c2cedff20999df2af8eb42d56 -> 
  custom:framework-win-MediaFoundation: 216162199b28c13a410421893ffa2e32 -> 
  custom:container-demuxer-ogg: 62fdf1f143b41e24485cea50d1cbac27 -> 
  custom:video-decoder-webm-vp8: 9c59270c3fd7afecdb556c50c9e8de78 -> 
  custom:audio-decoder-ogg-vorbis: bf7c407c2cedff20999df2af8eb42d56 -> 
========================================================================
Received Import Request.
  Time since last request: 48.509874 seconds.
  path: Assets/Prefabs/TowerHealthBar.prefab
  artifactKey: Guid(fa65acecb380a464f82011469dd58a02) Importer(815301076,1909f56bfc062723c751e8b465ee728b)
Start importing Assets/Prefabs/TowerHealthBar.prefab using Guid(fa65acecb380a464f82011469dd58a02) Importer(815301076,1909f56bfc062723c751e8b465ee728b)  -> (artifact id: '3d46a76a49c2016b7d1d8c3c6dabab4b') in 0.050493 seconds 
========================================================================
Received Import Request.
  Time since last request: 3.645209 seconds.
  path: Assets/Prefabs/RoundTimer.prefab
  artifactKey: Guid(8fab507e3f630764ea0195d148492856) Importer(815301076,1909f56bfc062723c751e8b465ee728b)
Start importing Assets/Prefabs/RoundTimer.prefab using Guid(8fab507e3f630764ea0195d148492856) Importer(815301076,1909f56bfc062723c751e8b465ee728b)  -> (artifact id: '85f4740186cf28ef94fa1ece9b976015') in 0.008270 seconds 
========================================================================
Received Import Request.
  Time since last request: 2.684542 seconds.
  path: Assets/Prefabs/UpgradeAttackDamage.prefab
  artifactKey: Guid(e22bbf2e51080134d9557c6eef393aa1) Importer(815301076,1909f56bfc062723c751e8b465ee728b)
Start importing Assets/Prefabs/UpgradeAttackDamage.prefab using Guid(e22bbf2e51080134d9557c6eef393aa1) Importer(815301076,1909f56bfc062723c751e8b465ee728b)  -> (artifact id: 'd6bd143f55f000966d2471dbb17a1238') in 0.019212 seconds 
========================================================================
Received Import Request.
  Time since last request: 3.194564 seconds.
  path: Assets/Prefabs/GameMaster.prefab
  artifactKey: Guid(000f69ce5a61caf4eb500fc75743f73c) Importer(815301076,1909f56bfc062723c751e8b465ee728b)
Start importing Assets/Prefabs/GameMaster.prefab using Guid(000f69ce5a61caf4eb500fc75743f73c) Importer(815301076,1909f56bfc062723c751e8b465ee728b)  -> (artifact id: 'db91bc46e42bb28ef1d62394ad9ad103') in 0.016420 seconds 
========================================================================
Received Prepare
Registering precompiled user dll's ...
Registered in 0.005236 seconds.
Begin MonoManager ReloadAssembly
Symbol file LoadedFromMemory doesn't match image E:\Unity\Projects\TheTower\TheTower\Library\PackageCache\com.unity.visualscripting@1.7.8\Editor\VisualScripting.Core\Dependencies\YamlDotNet\Unity.VisualScripting.YamlDotNet.dll
Symbol file LoadedFromMemory doesn't match image E:\Unity\Projects\TheTower\TheTower\Library\PackageCache\com.unity.visualscripting@1.7.8\Editor\VisualScripting.Core\Dependencies\DotNetZip\Unity.VisualScripting.IonicZip.dll
Native extension for WindowsStandalone target not found
Refreshing native plugins compatible for Editor in 0.78 ms, found 4 plugins.
Preloading 0 native plugins for Editor in 0.00 ms.
Mono: successfully reloaded assembly
- Completed reload, in  1.301 seconds
Domain Reload Profiling:
	ReloadAssembly (1302ms)
		BeginReloadAssembly (138ms)
			ExecutionOrderSort (0ms)
			DisableScriptedObjects (7ms)
			BackupInstance (0ms)
			ReleaseScriptingObjects (0ms)
			CreateAndSetChildDomain (39ms)
		EndReloadAssembly (1058ms)
			LoadAssemblies (90ms)
			RebuildTransferFunctionScriptingTraits (0ms)
			SetupTypeCache (310ms)
			ReleaseScriptCaches (2ms)
			RebuildScriptCaches (66ms)
			SetupLoadedEditorAssemblies (518ms)
				LogAssemblyErrors (0ms)
				InitializePlatformSupportModulesInManaged (36ms)
				SetLoadedEditorAssemblies (1ms)
				RefreshPlugins (1ms)
				BeforeProcessingInitializeOnLoad (94ms)
				ProcessInitializeOnLoadAttributes (323ms)
				ProcessInitializeOnLoadMethodAttributes (60ms)
				AfterProcessingInitializeOnLoad (4ms)
				EditorAssembliesLoaded (0ms)
			ExecutionOrderSort2 (0ms)
			AwakeInstancesAfterBackupRestoration (12ms)
Platform modules already initialized, skipping
Refreshing native plugins compatible for Editor in 2.61 ms, found 4 plugins.
Preloading 0 native plugins for Editor in 0.00 ms.
Unloading 3969 Unused Serialized files (Serialized files now loaded: 0)
Unloading 31 unused Assets / (166.7 KB). Loaded Objects now: 4467.
Memory consumption went from 151.6 MB to 151.4 MB.
Total: 4.258100 ms (FindLiveObjects: 0.334800 ms CreateObjectMapping: 0.153800 ms MarkObjects: 3.610100 ms  DeleteObjects: 0.158300 ms)

AssetImportParameters requested are different than current active one (requested -> active):
  custom:video-decoder-ogg-theora: a1e56fd34408186e4bbccfd4996cb3dc -> 
  custom:container-muxer-webm: aa71ff27fc2769a1b78a27578f13a17b -> 
  custom:container-demuxer-webm: 4f35f7cbe854078d1ac9338744f61a02 -> 
  custom:video-encoder-webm-vp8: eb34c28f22e8b96e1ab97ce403110664 -> 
  custom:video-codec-MediaFoundation-h265: 746d11721c4dcdbdad8f713fa42b33f4 -> 
  custom:audio-encoder-webm-vorbis: bf7c407c2cedff20999df2af8eb42d56 -> 
  custom:framework-win-MediaFoundation: 216162199b28c13a410421893ffa2e32 -> 
  custom:container-demuxer-ogg: 62fdf1f143b41e24485cea50d1cbac27 -> 
  custom:video-decoder-webm-vp8: 9c59270c3fd7afecdb556c50c9e8de78 -> 
  custom:audio-decoder-ogg-vorbis: bf7c407c2cedff20999df2af8eb42d56 -> 
========================================================================
Received Import Request.
  Time since last request: 80.435848 seconds.
  path: Assets/Prefabs/Tower.prefab
  artifactKey: Guid(e570f61963902504cb1a255d5f3bda0e) Importer(815301076,1909f56bfc062723c751e8b465ee728b)
Start importing Assets/Prefabs/Tower.prefab using Guid(e570f61963902504cb1a255d5f3bda0e) Importer(815301076,1909f56bfc062723c751e8b465ee728b)  -> (artifact id: '7b9a3bb4b10c90d4784e433045a4e61c') in 0.118922 seconds 
========================================================================
Received Import Request.
  Time since last request: 45.496442 seconds.
  path: Assets/Prefabs/Enemy.prefab
  artifactKey: Guid(092ec90482e16e64399a1313b96b6266) Importer(815301076,1909f56bfc062723c751e8b465ee728b)
Start importing Assets/Prefabs/Enemy.prefab using Guid(092ec90482e16e64399a1313b96b6266) Importer(815301076,1909f56bfc062723c751e8b465ee728b)  -> (artifact id: 'b590f13f7086ff37d4d36b251d3760d8') in 0.034668 seconds 
========================================================================
Received Prepare
Registering precompiled user dll's ...
Registered in 0.005371 seconds.
Begin MonoManager ReloadAssembly
Symbol file LoadedFromMemory doesn't match image E:\Unity\Projects\TheTower\TheTower\Library\PackageCache\com.unity.visualscripting@1.7.8\Editor\VisualScripting.Core\Dependencies\YamlDotNet\Unity.VisualScripting.YamlDotNet.dll
Symbol file LoadedFromMemory doesn't match image E:\Unity\Projects\TheTower\TheTower\Library\PackageCache\com.unity.visualscripting@1.7.8\Editor\VisualScripting.Core\Dependencies\DotNetZip\Unity.VisualScripting.IonicZip.dll
Native extension for WindowsStandalone target not found
Refreshing native plugins compatible for Editor in 0.77 ms, found 4 plugins.
Preloading 0 native plugins for Editor in 0.00 ms.
Mono: successfully reloaded assembly
- Completed reload, in  1.066 seconds
Domain Reload Profiling:
	ReloadAssembly (1067ms)
		BeginReloadAssembly (149ms)
			ExecutionOrderSort (0ms)
			DisableScriptedObjects (8ms)
			BackupInstance (0ms)
			ReleaseScriptingObjects (0ms)
			CreateAndSetChildDomain (45ms)
		EndReloadAssembly (802ms)
			LoadAssemblies (95ms)
			RebuildTransferFunctionScriptingTraits (0ms)
			SetupTypeCache (252ms)
			ReleaseScriptCaches (2ms)
			RebuildScriptCaches (49ms)
			SetupLoadedEditorAssemblies (365ms)
				LogAssemblyErrors (0ms)
				InitializePlatformSupportModulesInManaged (12ms)
				SetLoadedEditorAssemblies (1ms)
				RefreshPlugins (1ms)
				BeforeProcessingInitializeOnLoad (71ms)
				ProcessInitializeOnLoadAttributes (233ms)
				ProcessInitializeOnLoadMethodAttributes (43ms)
				AfterProcessingInitializeOnLoad (3ms)
				EditorAssembliesLoaded (0ms)
			ExecutionOrderSort2 (0ms)
			AwakeInstancesAfterBackupRestoration (9ms)
Platform modules already initialized, skipping
Refreshing native plugins compatible for Editor in 2.20 ms, found 4 plugins.
Preloading 0 native plugins for Editor in 0.00 ms.
Unloading 3969 Unused Serialized files (Serialized files now loaded: 0)
Unloading 30 unused Assets / (165.9 KB). Loaded Objects now: 4472.
Memory consumption went from 151.6 MB to 151.5 MB.
Total: 4.288800 ms (FindLiveObjects: 0.277500 ms CreateObjectMapping: 0.245900 ms MarkObjects: 3.631600 ms  DeleteObjects: 0.133000 ms)

AssetImportParameters requested are different than current active one (requested -> active):
  custom:video-decoder-ogg-theora: a1e56fd34408186e4bbccfd4996cb3dc -> 
  custom:container-muxer-webm: aa71ff27fc2769a1b78a27578f13a17b -> 
  custom:container-demuxer-webm: 4f35f7cbe854078d1ac9338744f61a02 -> 
  custom:video-encoder-webm-vp8: eb34c28f22e8b96e1ab97ce403110664 -> 
  custom:video-codec-MediaFoundation-h265: 746d11721c4dcdbdad8f713fa42b33f4 -> 
  custom:audio-encoder-webm-vorbis: bf7c407c2cedff20999df2af8eb42d56 -> 
  custom:framework-win-MediaFoundation: 216162199b28c13a410421893ffa2e32 -> 
  custom:container-demuxer-ogg: 62fdf1f143b41e24485cea50d1cbac27 -> 
  custom:video-decoder-webm-vp8: 9c59270c3fd7afecdb556c50c9e8de78 -> 
  custom:audio-decoder-ogg-vorbis: bf7c407c2cedff20999df2af8eb42d56 -> 
